\BOOKMARK [1][-]{section.1}{1 Einleitung}{}% 1
\BOOKMARK [1][-]{section.2}{2 Konzept}{}% 2
\BOOKMARK [2][-]{subsection.2.1}{2.1 Mechanischer Aufbau}{section.2}% 3
\BOOKMARK [2][-]{subsection.2.2}{2.2 Elektrischer Aufbau}{section.2}% 4
\BOOKMARK [2][-]{subsection.2.3}{2.3 Firmware Aufbau}{section.2}% 5
\BOOKMARK [2][-]{subsection.2.4}{2.4 Software Aufbau}{section.2}% 6
\BOOKMARK [1][-]{section.3}{3 Technische Grundlagen}{}% 7
\BOOKMARK [2][-]{subsection.3.1}{3.1 Hintergrund Messung}{section.3}% 8
\BOOKMARK [2][-]{subsection.3.2}{3.2 Signalaufbereitung}{section.3}% 9
\BOOKMARK [1][-]{section.4}{4 Analoge Schaltung}{}% 10
\BOOKMARK [2][-]{subsection.4.1}{4.1 Layer 1}{section.4}% 11
\BOOKMARK [2][-]{subsection.4.2}{4.2 Filter}{section.4}% 12
\BOOKMARK [2][-]{subsection.4.3}{4.3 Einkoppelung}{section.4}% 13
\BOOKMARK [2][-]{subsection.4.4}{4.4 Sicherheitsschaltung}{section.4}% 14
\BOOKMARK [2][-]{subsection.4.5}{4.5 Genauigkeit}{section.4}% 15
\BOOKMARK [1][-]{section.5}{5 Software}{}% 16
\BOOKMARK [2][-]{subsection.5.1}{5.1 Berechnungskonzept}{section.5}% 17
\BOOKMARK [2][-]{subsection.5.2}{5.2 \334bertragungskonzept}{section.5}% 18
\BOOKMARK [2][-]{subsection.5.3}{5.3 Peripherie und Algorithmen}{section.5}% 19
\BOOKMARK [2][-]{subsection.5.4}{5.4 Bediensoftware}{section.5}% 20
\BOOKMARK [1][-]{section.6}{6 Qualit\344tssicherung}{}% 21
\BOOKMARK [2][-]{subsection.6.1}{6.1 Fertigung}{section.6}% 22
\BOOKMARK [2][-]{subsection.6.2}{6.2 Messungen}{section.6}% 23
\BOOKMARK [2][-]{subsection.6.3}{6.3 Bediensoftware}{section.6}% 24
\BOOKMARK [1][-]{section.7}{7 Schlusswort}{}% 25
\BOOKMARK [1][-]{section.8}{8 Anhang}{}% 26
